<?xml version="1.0" encoding="UTF-8" ?>
<testsuite errors="0" failures="0" hostname="ashuhp" name="backend.OwnerTest" skipped="0" tests="6" time="0.486" timestamp="2021-04-04T07:37:13">
  <properties>
[...]
</properties>
  <testcase classname="backend.OwnerTest" name="a_testType" time="0.001" />
  <testcase classname="backend.OwnerTest" name="b_testGetName" time="0.0" />
  <testcase classname="backend.OwnerTest" name="c_testSetName" time="0.0" />
  <testcase classname="backend.OwnerTest" name="d_testGetUsername" time="0.0" />
  <testcase classname="backend.OwnerTest" name="e_testSetUsername" time="0.0" />
  <testcase classname="backend.OwnerTest" name="f_testValidate" time="0.07" />
  <system-out><![CDATA[type
getName
setName
getUsername
setUsername
validate
]]></system-out>
  <system-err><![CDATA[]]></system-err>
</testsuite>
